#
# There is insufficient memory for the Java Runtime Environment to continue.
# Native memory allocation (malloc) failed to allocate 1048576 bytes. Error detail: AllocateHeap
# Possible reasons:
#   The system is out of physical RAM or swap space
#   This process is running with CompressedOops enabled, and the Java Heap may be blocking the growth of the native heap
# Possible solutions:
#   Reduce memory load on the system
#   Increase physical memory or swap space
#   Check if swap backing store is full
#   Decrease Java heap size (-Xmx/-Xms)
#   Decrease number of Java threads
#   Decrease Java thread stack sizes (-Xss)
#   Set larger code cache with -XX:ReservedCodeCacheSize=
#   JVM is running with Unscaled Compressed Oops mode in which the Java heap is
#     placed in the first 4GB address space. The Java Heap base address is the
#     maximum limit for the native heap growth. Please use -XX:HeapBaseMinAddress
#     to set the Java Heap base and to place the Java Heap above 4GB virtual address.
# This output file may be truncated or incomplete.
#
#  Out of Memory Error (allocation.cpp:44), pid=13248, tid=16096
#
# JRE version: OpenJDK Runtime Environment Temurin-21.0.9+10 (21.0.9+10) (build 21.0.9+10-LTS)
# Java VM: OpenJDK 64-Bit Server VM Temurin-21.0.9+10 (21.0.9+10-LTS, mixed mode, sharing, tiered, compressed oops, compressed class ptrs, parallel gc, windows-amd64)
# No core dump will be written. Minidumps are not enabled by default on client versions of Windows
#

---------------  S U M M A R Y ------------

Command Line: --add-modules=ALL-SYSTEM --add-opens=java.base/java.util=ALL-UNNAMED --add-opens=java.base/java.lang=ALL-UNNAMED --add-opens=java.base/sun.nio.fs=ALL-UNNAMED -Declipse.application=org.eclipse.jdt.ls.core.id1 -Dosgi.bundles.defaultStartLevel=4 -Declipse.product=org.eclipse.jdt.ls.core.product -Djava.import.generatesMetadataFilesAtProjectRoot=false -DDetectVMInstallationsJob.disabled=true -Dfile.encoding=utf8 -XX:+UseParallelGC -XX:GCTimeRatio=4 -XX:AdaptiveSizePolicyWeight=90 -Dsun.zip.disableMemoryMapping=true -Xmx2G -Xms100m -Xlog:disable -javaagent:c:\Users\13585\.cursor\extensions\redhat.java-1.50.0-win32-x64\lombok\lombok-1.18.39-4050.jar -XX:+HeapDumpOnOutOfMemoryError -XX:HeapDumpPath=c:\Users\13585\AppData\Roaming\Cursor\User\workspaceStorage\c63fba31a2f12f777f3c054e381a05cd\redhat.java -Daether.dependencyCollector.impl=bf c:\Users\13585\.cursor\extensions\redhat.java-1.50.0-win32-x64\server\plugins\org.eclipse.equinox.launcher_1.7.100.v20251111-0406.jar -configuration c:\Users\13585\AppData\Roaming\Cursor\User\globalStorage\redhat.java\1.50.0\config_win -data c:\Users\13585\AppData\Roaming\Cursor\User\workspaceStorage\c63fba31a2f12f777f3c054e381a05cd\redhat.java\jdt_ws --pipe=\\.\pipe\lsp-46cef3beece91452946ff190263e2ab0-sock

Host: 12th Gen Intel(R) Core(TM) i3-12100F, 8 cores, 15G,  Windows 11 , 64 bit Build 26100 (10.0.26100.5074)
Time: Mon Dec 29 04:16:27 2025 Russia TZ 7 Standard Time elapsed time: 80482.507578 seconds (0d 22h 21m 22s)

---------------  T H R E A D  ---------------

Current thread (0x0000027b1f798ca0):  JavaThread "Attach Listener" daemon [_thread_in_vm, id=16096, stack(0x0000007e63700000,0x0000007e63800000) (1024K)]

Stack: [0x0000007e63700000,0x0000007e63800000]
Native frames: (J=compiled Java code, j=interpreted, Vv=VM code, C=native code)
V  [jvm.dll+0x6d6e29]
V  [jvm.dll+0x8b4b76]
V  [jvm.dll+0x8b712e]
V  [jvm.dll+0x8b7813]
V  [jvm.dll+0x283d86]
V  [jvm.dll+0xc1277]
V  [jvm.dll+0x6d76d9]
V  [jvm.dll+0x133466]
V  [jvm.dll+0x3f7ea6]
V  [jvm.dll+0x85e9ad]
V  [jvm.dll+0x6d565d]
C  [ucrtbase.dll+0x37b0]
C  [KERNEL32.DLL+0x2e8d7]
C  [ntdll.dll+0x8d9c]


---------------  P R O C E S S  ---------------

Threads class SMR info:
_java_thread_list=0x0000027b626e3dc0, length=40, elements={
0x0000027b0691e3e0, 0x0000027b1f793f50, 0x0000027b1f794970, 0x0000027b1f796730,
0x0000027b1f798ca0, 0x0000027b1f79b700, 0x0000027b1f79c150, 0x0000027b1f79cf80,
0x0000027b62134fd0, 0x0000027b6230a550, 0x0000027b6241b7d0, 0x0000027b629fd860,
0x0000027b62bf0400, 0x0000027b62c6acd0, 0x0000027b62c72510, 0x0000027b62218420,
0x0000027b671a2c70, 0x0000027b67425e20, 0x0000027b674264b0, 0x0000027b67425790,
0x0000027b67426b40, 0x0000027b67274fe0, 0x0000027b67277dd0, 0x0000027b67278460,
0x0000027b67278af0, 0x0000027b67275670, 0x0000027b67279180, 0x0000027b67275d00,
0x0000027b67279810, 0x0000027b67276390, 0x0000027b67276a20, 0x0000027b672770b0,
0x0000027b6727abc0, 0x0000027b62275960, 0x0000027b62279b00, 0x0000027b6227bbd0,
0x0000027b6227aeb0, 0x0000027b6227a820, 0x0000027b6727b8e0, 0x0000027b6727b250
}

Java Threads: ( => current thread )
  0x0000027b0691e3e0 JavaThread "main"                              [_thread_blocked, id=5488, stack(0x0000007e63000000,0x0000007e63100000) (1024K)]
  0x0000027b1f793f50 JavaThread "Reference Handler"          daemon [_thread_blocked, id=45604, stack(0x0000007e63400000,0x0000007e63500000) (1024K)]
  0x0000027b1f794970 JavaThread "Finalizer"                  daemon [_thread_blocked, id=17476, stack(0x0000007e63500000,0x0000007e63600000) (1024K)]
  0x0000027b1f796730 JavaThread "Signal Dispatcher"          daemon [_thread_blocked, id=13536, stack(0x0000007e63600000,0x0000007e63700000) (1024K)]
=>0x0000027b1f798ca0 JavaThread "Attach Listener"            daemon [_thread_in_vm, id=16096, stack(0x0000007e63700000,0x0000007e63800000) (1024K)]
  0x0000027b1f79b700 JavaThread "Service Thread"             daemon [_thread_blocked, id=8716, stack(0x0000007e63800000,0x0000007e63900000) (1024K)]
  0x0000027b1f79c150 JavaThread "Monitor Deflation Thread"   daemon [_thread_blocked, id=78504, stack(0x0000007e63900000,0x0000007e63a00000) (1024K)]
  0x0000027b1f79cf80 JavaThread "C2 CompilerThread0"         daemon [_thread_blocked, id=92620, stack(0x0000007e63a00000,0x0000007e63b00000) (1024K)]
  0x0000027b62134fd0 JavaThread "C1 CompilerThread0"         daemon [_thread_blocked, id=32700, stack(0x0000007e63b00000,0x0000007e63c00000) (1024K)]
  0x0000027b6230a550 JavaThread "Common-Cleaner"             daemon [_thread_blocked, id=14840, stack(0x0000007e63d00000,0x0000007e63e00000) (1024K)]
  0x0000027b6241b7d0 JavaThread "Notification Thread"        daemon [_thread_blocked, id=6464, stack(0x0000007e63c00000,0x0000007e63d00000) (1024K)]
  0x0000027b629fd860 JavaThread "Active Thread: Equinox Container: 7bafde75-0455-4231-9bfb-d72791132ea0"        [_thread_blocked, id=76268, stack(0x0000007e64400000,0x0000007e64500000) (1024K)]
  0x0000027b62bf0400 JavaThread "Refresh Thread: Equinox Container: 7bafde75-0455-4231-9bfb-d72791132ea0" daemon [_thread_blocked, id=32648, stack(0x0000007e64500000,0x0000007e64600000) (1024K)]
  0x0000027b62c6acd0 JavaThread "Framework Event Dispatcher: Equinox Container: 7bafde75-0455-4231-9bfb-d72791132ea0" daemon [_thread_blocked, id=52864, stack(0x0000007e64700000,0x0000007e64800000) (1024K)]
  0x0000027b62c72510 JavaThread "Start Level: Equinox Container: 7bafde75-0455-4231-9bfb-d72791132ea0" daemon [_thread_blocked, id=23728, stack(0x0000007e64800000,0x0000007e64900000) (1024K)]
  0x0000027b62218420 JavaThread "Bundle File Closer"         daemon [_thread_blocked, id=95540, stack(0x0000007e64900000,0x0000007e64a00000) (1024K)]
  0x0000027b671a2c70 JavaThread "SCR Component Actor"        daemon [_thread_blocked, id=51576, stack(0x0000007e64a00000,0x0000007e64b00000) (1024K)]
  0x0000027b67425e20 JavaThread "Worker-JM"                         [_thread_blocked, id=65008, stack(0x0000007e64b00000,0x0000007e64c00000) (1024K)]
  0x0000027b674264b0 JavaThread "JNA Cleaner"                daemon [_thread_blocked, id=56640, stack(0x0000007e64c00000,0x0000007e64d00000) (1024K)]
  0x0000027b67425790 JavaThread "Java indexing"              daemon [_thread_blocked, id=55372, stack(0x0000007e65100000,0x0000007e65200000) (1024K)]
  0x0000027b67426b40 JavaThread "Worker-3"                          [_thread_blocked, id=83988, stack(0x0000007e65000000,0x0000007e65100000) (1024K)]
  0x0000027b67274fe0 JavaThread "Thread-1"                   daemon [_thread_in_native, id=83628, stack(0x0000007e65800000,0x0000007e65900000) (1024K)]
  0x0000027b67277dd0 JavaThread "Thread-2"                   daemon [_thread_in_native, id=3800, stack(0x0000007e65900000,0x0000007e65a00000) (1024K)]
  0x0000027b67278460 JavaThread "Thread-3"                   daemon [_thread_in_native, id=99696, stack(0x0000007e65a00000,0x0000007e65b00000) (1024K)]
  0x0000027b67278af0 JavaThread "Thread-4"                   daemon [_thread_in_native, id=29864, stack(0x0000007e65b00000,0x0000007e65c00000) (1024K)]
  0x0000027b67275670 JavaThread "Thread-5"                   daemon [_thread_in_native, id=98100, stack(0x0000007e65c00000,0x0000007e65d00000) (1024K)]
  0x0000027b67279180 JavaThread "Thread-6"                   daemon [_thread_in_native, id=26248, stack(0x0000007e65d00000,0x0000007e65e00000) (1024K)]
  0x0000027b67275d00 JavaThread "Thread-7"                   daemon [_thread_in_native, id=70728, stack(0x0000007e65e00000,0x0000007e65f00000) (1024K)]
  0x0000027b67279810 JavaThread "Thread-8"                   daemon [_thread_in_native, id=96112, stack(0x0000007e65f00000,0x0000007e66000000) (1024K)]
  0x0000027b67276390 JavaThread "Thread-9"                   daemon [_thread_in_native, id=89332, stack(0x0000007e66000000,0x0000007e66100000) (1024K)]
  0x0000027b67276a20 JavaThread "pool-2-thread-1"                   [_thread_blocked, id=48072, stack(0x0000007e66100000,0x0000007e66200000) (1024K)]
  0x0000027b672770b0 JavaThread "WorkspaceEventsHandler"            [_thread_blocked, id=84256, stack(0x0000007e66200000,0x0000007e66300000) (1024K)]
  0x0000027b6727abc0 JavaThread "pool-1-thread-1"                   [_thread_blocked, id=95248, stack(0x0000007e66300000,0x0000007e66400000) (1024K)]
  0x0000027b62275960 JavaThread "Java Debug Server"          daemon [_thread_in_native, id=92776, stack(0x0000007e62e00000,0x0000007e62f00000) (1024K)]
  0x0000027b62279b00 JavaThread "pool-5-thread-1"                   [_thread_in_native, id=74852, stack(0x0000007e62f00000,0x0000007e63000000) (1024K)]
  0x0000027b6227bbd0 JavaThread "RxSchedulerPurge-1"         daemon [_thread_blocked, id=31452, stack(0x0000007e65700000,0x0000007e65800000) (1024K)]
  0x0000027b6227aeb0 JavaThread "RxCachedWorkerPoolEvictor-1" daemon [_thread_blocked, id=62284, stack(0x0000007e66400000,0x0000007e66500000) (1024K)]
  0x0000027b6227a820 JavaThread "process reaper (pid 100340)" daemon [_thread_in_native, id=87052, stack(0x0000007e629a0000,0x0000007e629c0000) (128K)]
  0x0000027b6727b8e0 JavaThread "RxNewThreadScheduler-7"     daemon [_thread_blocked, id=12512, stack(0x0000007e64e00000,0x0000007e64f00000) (1024K)]
  0x0000027b6727b250 JavaThread "Worker-9"                          [_thread_blocked, id=37928, stack(0x0000007e64d00000,0x0000007e64e00000) (1024K)]
Total: 40

Other Threads:
  0x0000027b08dc2c30 VMThread "VM Thread"                           [id=99900, stack(0x0000007e63300000,0x0000007e63400000) (1024K)]
  0x0000027b1f6aca00 WatcherThread "VM Periodic Task Thread"        [id=29292, stack(0x0000007e63200000,0x0000007e63300000) (1024K)]
  0x0000027b08d3d050 WorkerThread "GC Thread#0"                     [id=101088, stack(0x0000007e63100000,0x0000007e63200000) (1024K)]
  0x0000027b625ae0b0 WorkerThread "GC Thread#1"                     [id=85064, stack(0x0000007e63e00000,0x0000007e63f00000) (1024K)]
  0x0000027b62966600 WorkerThread "GC Thread#2"                     [id=75560, stack(0x0000007e63f00000,0x0000007e64000000) (1024K)]
  0x0000027b629669a0 WorkerThread "GC Thread#3"                     [id=53596, stack(0x0000007e64000000,0x0000007e64100000) (1024K)]
  0x0000027b62966d40 WorkerThread "GC Thread#4"                     [id=93168, stack(0x0000007e64100000,0x0000007e64200000) (1024K)]
  0x0000027b62b4de10 WorkerThread "GC Thread#5"                     [id=21944, stack(0x0000007e64200000,0x0000007e64300000) (1024K)]
  0x0000027b62b4e1b0 WorkerThread "GC Thread#6"                     [id=57204, stack(0x0000007e64300000,0x0000007e64400000) (1024K)]
  0x0000027b62cdebb0 WorkerThread "GC Thread#7"                     [id=82456, stack(0x0000007e64600000,0x0000007e64700000) (1024K)]
Total: 10

Threads with active compile tasks:
Total: 0

VM state: not at safepoint (normal execution)

VM Mutex/Monitor currently owned by a thread: None

Heap address: 0x0000000080000000, size: 2048 MB, Compressed Oops mode: 32-bit

CDS archive(s) mapped at: [0x0000027b20000000-0x0000027b20ba0000-0x0000027b20ba0000), size 12189696, SharedBaseAddress: 0x0000027b20000000, ArchiveRelocationMode: 1.
Compressed class space mapped at: 0x0000027b21000000-0x0000027b61000000, reserved size: 1073741824
Narrow klass base: 0x0000027b20000000, Narrow klass shift: 0, Narrow klass range: 0x100000000

GC Precious Log:
 CardTable entry size: 512
 CPUs: 8 total, 8 available
 Memory: 16213M
 Large Page Support: Disabled
 NUMA Support: Disabled
 Compressed Oops: Enabled (32-bit)
 Alignments: Space 512K, Generation 512K, Heap 2M
 Heap Min Capacity: 100M
 Heap Initial Capacity: 100M
 Heap Max Capacity: 2G
 Pre-touch: Disabled
 Parallel Workers: 8

Heap:
 PSYoungGen      total 3584K, used 2834K [0x00000000d5580000, 0x00000000d5a80000, 0x0000000100000000)
  eden space 3072K, 82% used [0x00000000d5580000,0x00000000d57fcb40,0x00000000d5880000)
  from space 512K, 56% used [0x00000000d5a00000,0x00000000d5a48000,0x00000000d5a80000)
  to   space 512K, 0% used [0x00000000d5980000,0x00000000d5980000,0x00000000d5a00000)
 ParOldGen       total 833024K, used 832635K [0x0000000080000000, 0x00000000b2d80000, 0x00000000d5580000)
  object space 833024K, 99% used [0x0000000080000000,0x00000000b2d1ec88,0x00000000b2d80000)
 Metaspace       used 82038K, committed 83456K, reserved 1179648K
  class space    used 8654K, committed 9280K, reserved 1048576K

Card table byte_map: [0x0000027b086c0000,0x0000027b08ad0000] _byte_map_base: 0x0000027b082c0000

Marking Bits: (ParMarkBitMap*) 0x00007ffa2e282460
 Begin Bits: [0x0000027b1b1d0000, 0x0000027b1d1d0000)
 End Bits:   [0x0000027b1d1d0000, 0x0000027b1f1d0000)

Polling page: 0x0000027b06be0000

Metaspace:

Usage:
  Non-class:     71.66 MB used.
      Class:      8.45 MB used.
       Both:     80.12 MB used.

Virtual space:
  Non-class space:      128.00 MB reserved,      72.44 MB ( 57%) committed,  2 nodes.
      Class space:        1.00 GB reserved,       9.06 MB ( <1%) committed,  1 nodes.
             Both:        1.12 GB reserved,      81.50 MB (  7%) committed. 

Chunk freelists:
   Non-Class:  7.14 MB
       Class:  7.05 MB
        Both:  14.19 MB

MaxMetaspaceSize: unlimited
CompressedClassSpaceSize: 1.00 GB
Initial GC threshold: 21.00 MB
Current GC threshold: 133.12 MB
CDS: on
 - commit_granule_bytes: 65536.
 - commit_granule_words: 8192.
 - virtual_space_node_default_size: 8388608.
 - enlarge_chunks_in_place: 1.
 - use_allocation_guard: 0.


Internal statistics:

num_allocs_failed_limit: 9.
num_arena_births: 1570.
num_arena_deaths: 468.
num_vsnodes_births: 3.
num_vsnodes_deaths: 0.
num_space_committed: 1303.
num_space_uncommitted: 0.
num_chunks_returned_to_freelist: 551.
num_chunks_taken_from_freelist: 5488.
num_chunk_merges: 156.
num_chunk_splits: 3182.
num_chunks_enlarged: 1844.
num_inconsistent_stats: 0.

CodeHeap 'non-profiled nmethods': size=120000Kb used=17426Kb max_used=17426Kb free=102573Kb
 bounds [0x0000027b139f0000, 0x0000027b14b00000, 0x0000027b1af20000]
CodeHeap 'profiled nmethods': size=120000Kb used=37862Kb max_used=37862Kb free=82137Kb
 bounds [0x0000027b0bf20000, 0x0000027b0e420000, 0x0000027b13450000]
CodeHeap 'non-nmethods': size=5760Kb used=1524Kb max_used=1604Kb free=4235Kb
 bounds [0x0000027b13450000, 0x0000027b136c0000, 0x0000027b139f0000]
CodeCache: size=245760Kb, used=56812Kb, max_used=56892Kb, free=188945Kb
 total_blobs=16752, nmethods=15900, adapters=754, full_count=0
Compilation: enabled, stopped_count=0, restarted_count=0

Compilation events (20 events):
Event: 79750.900 Thread 0x0000027b62134fd0 nmethod 17536 0x0000027b0e415210 code [0x0000027b0e415520, 0x0000027b0e4165a8]
Event: 79750.900 Thread 0x0000027b62134fd0 17537       3       lombok.eclipse.TransformEclipseAST::transform_swapped (6 bytes)
Event: 79750.900 Thread 0x0000027b1f79cf80 nmethod 17531 0x0000027b14af2b10 code [0x0000027b14af2ce0, 0x0000027b14af2ee8]
Event: 79750.900 Thread 0x0000027b62134fd0 nmethod 17537 0x0000027b0e416c90 code [0x0000027b0e416e40, 0x0000027b0e416f60]
Event: 79750.900 Thread 0x0000027b1f79cf80 17538       4       org.eclipse.jdt.internal.compiler.env.IModuleAwareNameEnvironment::getUniqueModulesDeclaringPackage (85 bytes)
Event: 79750.901 Thread 0x0000027b62134fd0 17539       3       org.eclipse.jdt.internal.compiler.lookup.FieldBinding::sourceField (70 bytes)
Event: 79750.901 Thread 0x0000027b62134fd0 nmethod 17539 0x0000027b0e417010 code [0x0000027b0e417200, 0x0000027b0e4176f0]
Event: 79750.901 Thread 0x0000027b62134fd0 17540       3       org.eclipse.jdt.internal.compiler.lookup.MethodBinding::isImplementing (15 bytes)
Event: 79750.901 Thread 0x0000027b62134fd0 nmethod 17540 0x0000027b0e417890 code [0x0000027b0e417a40, 0x0000027b0e417bb8]
Event: 79750.901 Thread 0x0000027b62134fd0 17541       3       org.eclipse.jdt.internal.compiler.lookup.MethodScope::referenceMethodBinding (44 bytes)
Event: 79750.902 Thread 0x0000027b62134fd0 nmethod 17541 0x0000027b0e417c90 code [0x0000027b0e417e60, 0x0000027b0e418408]
Event: 79750.902 Thread 0x0000027b62134fd0 17542       3       org.eclipse.jdt.internal.compiler.codegen.StackMapFrameCodeStream::addFramePosition (51 bytes)
Event: 79750.902 Thread 0x0000027b62134fd0 nmethod 17542 0x0000027b0e418510 code [0x0000027b0e418720, 0x0000027b0e418ed0]
Event: 79750.902 Thread 0x0000027b62134fd0 17543       3       org.eclipse.jdt.core.compiler.CharOperation::concat (50 bytes)
Event: 79750.902 Thread 0x0000027b62134fd0 nmethod 17543 0x0000027b0e419190 code [0x0000027b0e419360, 0x0000027b0e4196e0]
Event: 79750.903 Thread 0x0000027b62134fd0 17544       1       org.eclipse.osgi.internal.log.ExtendedLogServiceImpl::getFactory (5 bytes)
Event: 79750.903 Thread 0x0000027b62134fd0 nmethod 17544 0x0000027b14af3110 code [0x0000027b14af32a0, 0x0000027b14af3368]
Event: 79750.908 Thread 0x0000027b1f79cf80 nmethod 17538 0x0000027b14af3410 code [0x0000027b14af3620, 0x0000027b14af40e8]
Event: 79750.908 Thread 0x0000027b1f79cf80 17528       4       org.eclipse.jdt.internal.compiler.lookup.PackageBinding::initDefaultNullness (70 bytes)
Event: 79750.909 Thread 0x0000027b1f79cf80 nmethod 17528 0x0000027b14af4490 code [0x0000027b14af4640, 0x0000027b14af4778]

GC Heap History (20 events):
Event: 79736.894 GC heap before
{Heap before GC invocations=833 (full 4):
 PSYoungGen      total 2560K, used 2554K [0x00000000d5580000, 0x00000000d5a80000, 0x0000000100000000)
  eden space 2048K, 99% used [0x00000000d5580000,0x00000000d577ffb8,0x00000000d5780000)
  from space 512K, 98% used [0x00000000d5a00000,0x00000000d5a7e900,0x00000000d5a80000)
  to   space 1024K, 0% used [0x00000000d5880000,0x00000000d5880000,0x00000000d5980000)
 ParOldGen       total 830464K, used 830161K [0x0000000080000000, 0x00000000b2b00000, 0x00000000d5580000)
  object space 830464K, 99% used [0x0000000080000000,0x00000000b2ab4438,0x00000000b2b00000)
 Metaspace       used 82002K, committed 83456K, reserved 1179648K
  class space    used 8653K, committed 9280K, reserved 1048576K
}
Event: 79736.895 GC heap after
{Heap after GC invocations=833 (full 4):
 PSYoungGen      total 3072K, used 224K [0x00000000d5580000, 0x00000000d5a80000, 0x0000000100000000)
  eden space 2048K, 0% used [0x00000000d5580000,0x00000000d5580000,0x00000000d5780000)
  from space 1024K, 21% used [0x00000000d5880000,0x00000000d58b8000,0x00000000d5980000)
  to   space 512K, 0% used [0x00000000d5a00000,0x00000000d5a00000,0x00000000d5a80000)
 ParOldGen       total 830976K, used 830541K [0x0000000080000000, 0x00000000b2b80000, 0x00000000d5580000)
  object space 830976K, 99% used [0x0000000080000000,0x00000000b2b13648,0x00000000b2b80000)
 Metaspace       used 82002K, committed 83456K, reserved 1179648K
  class space    used 8653K, committed 9280K, reserved 1048576K
}
Event: 79736.898 GC heap before
{Heap before GC invocations=834 (full 4):
 PSYoungGen      total 3072K, used 2272K [0x00000000d5580000, 0x00000000d5a80000, 0x0000000100000000)
  eden space 2048K, 100% used [0x00000000d5580000,0x00000000d5780000,0x00000000d5780000)
  from space 1024K, 21% used [0x00000000d5880000,0x00000000d58b8000,0x00000000d5980000)
  to   space 512K, 0% used [0x00000000d5a00000,0x00000000d5a00000,0x00000000d5a80000)
 ParOldGen       total 830976K, used 830541K [0x0000000080000000, 0x00000000b2b80000, 0x00000000d5580000)
  object space 830976K, 99% used [0x0000000080000000,0x00000000b2b13648,0x00000000b2b80000)
 Metaspace       used 82002K, committed 83456K, reserved 1179648K
  class space    used 8653K, committed 9280K, reserved 1048576K
}
Event: 79736.899 GC heap after
{Heap after GC invocations=834 (full 4):
 PSYoungGen      total 3072K, used 288K [0x00000000d5580000, 0x00000000d5a80000, 0x0000000100000000)
  eden space 2560K, 0% used [0x00000000d5580000,0x00000000d5580000,0x00000000d5800000)
  from space 512K, 56% used [0x00000000d5a00000,0x00000000d5a48000,0x00000000d5a80000)
  to   space 512K, 0% used [0x00000000d5980000,0x00000000d5980000,0x00000000d5a00000)
 ParOldGen       total 830976K, used 830637K [0x0000000080000000, 0x00000000b2b80000, 0x00000000d5580000)
  object space 830976K, 99% used [0x0000000080000000,0x00000000b2b2b648,0x00000000b2b80000)
 Metaspace       used 82002K, committed 83456K, reserved 1179648K
  class space    used 8653K, committed 9280K, reserved 1048576K
}
Event: 79736.906 GC heap before
{Heap before GC invocations=835 (full 4):
 PSYoungGen      total 3072K, used 2848K [0x00000000d5580000, 0x00000000d5a80000, 0x0000000100000000)
  eden space 2560K, 100% used [0x00000000d5580000,0x00000000d5800000,0x00000000d5800000)
  from space 512K, 56% used [0x00000000d5a00000,0x00000000d5a48000,0x00000000d5a80000)
  to   space 512K, 0% used [0x00000000d5980000,0x00000000d5980000,0x00000000d5a00000)
 ParOldGen       total 830976K, used 830637K [0x0000000080000000, 0x00000000b2b80000, 0x00000000d5580000)
  object space 830976K, 99% used [0x0000000080000000,0x00000000b2b2b648,0x00000000b2b80000)
 Metaspace       used 82006K, committed 83456K, reserved 1179648K
  class space    used 8653K, committed 9280K, reserved 1048576K
}
Event: 79736.907 GC heap after
{Heap after GC invocations=835 (full 4):
 PSYoungGen      total 3584K, used 244K [0x00000000d5580000, 0x00000000d5a80000, 0x0000000100000000)
  eden space 3072K, 0% used [0x00000000d5580000,0x00000000d5580000,0x00000000d5880000)
  from space 512K, 47% used [0x00000000d5980000,0x00000000d59bd200,0x00000000d5a00000)
  to   space 512K, 0% used [0x00000000d5a00000,0x00000000d5a00000,0x00000000d5a80000)
 ParOldGen       total 830976K, used 830773K [0x0000000080000000, 0x00000000b2b80000, 0x00000000d5580000)
  object space 830976K, 99% used [0x0000000080000000,0x00000000b2b4d648,0x00000000b2b80000)
 Metaspace       used 82006K, committed 83456K, reserved 1179648K
  class space    used 8653K, committed 9280K, reserved 1048576K
}
Event: 79736.913 GC heap before
{Heap before GC invocations=836 (full 4):
 PSYoungGen      total 3584K, used 3316K [0x00000000d5580000, 0x00000000d5a80000, 0x0000000100000000)
  eden space 3072K, 100% used [0x00000000d5580000,0x00000000d5880000,0x00000000d5880000)
  from space 512K, 47% used [0x00000000d5980000,0x00000000d59bd200,0x00000000d5a00000)
  to   space 512K, 0% used [0x00000000d5a00000,0x00000000d5a00000,0x00000000d5a80000)
 ParOldGen       total 830976K, used 830773K [0x0000000080000000, 0x00000000b2b80000, 0x00000000d5580000)
  object space 830976K, 99% used [0x0000000080000000,0x00000000b2b4d648,0x00000000b2b80000)
 Metaspace       used 82008K, committed 83456K, reserved 1179648K
  class space    used 8653K, committed 9280K, reserved 1048576K
}
Event: 79736.914 GC heap after
{Heap after GC invocations=836 (full 4):
 PSYoungGen      total 3584K, used 496K [0x00000000d5580000, 0x00000000d5a80000, 0x0000000100000000)
  eden space 3072K, 0% used [0x00000000d5580000,0x00000000d5580000,0x00000000d5880000)
  from space 512K, 96% used [0x00000000d5a00000,0x00000000d5a7c010,0x00000000d5a80000)
  to   space 1024K, 0% used [0x00000000d5880000,0x00000000d5880000,0x00000000d5980000)
 ParOldGen       total 830976K, used 830954K [0x0000000080000000, 0x00000000b2b80000, 0x00000000d5580000)
  object space 830976K, 99% used [0x0000000080000000,0x00000000b2b7a848,0x00000000b2b80000)
 Metaspace       used 82008K, committed 83456K, reserved 1179648K
  class space    used 8653K, committed 9280K, reserved 1048576K
}
Event: 79736.917 GC heap before
{Heap before GC invocations=837 (full 4):
 PSYoungGen      total 3584K, used 3568K [0x00000000d5580000, 0x00000000d5a80000, 0x0000000100000000)
  eden space 3072K, 100% used [0x00000000d5580000,0x00000000d5880000,0x00000000d5880000)
  from space 512K, 96% used [0x00000000d5a00000,0x00000000d5a7c010,0x00000000d5a80000)
  to   space 1024K, 0% used [0x00000000d5880000,0x00000000d5880000,0x00000000d5980000)
 ParOldGen       total 830976K, used 830954K [0x0000000080000000, 0x00000000b2b80000, 0x00000000d5580000)
  object space 830976K, 99% used [0x0000000080000000,0x00000000b2b7a848,0x00000000b2b80000)
 Metaspace       used 82008K, committed 83456K, reserved 1179648K
  class space    used 8653K, committed 9280K, reserved 1048576K
}
Event: 79736.917 GC heap after
{Heap after GC invocations=837 (full 4):
 PSYoungGen      total 4096K, used 256K [0x00000000d5580000, 0x00000000d5a80000, 0x0000000100000000)
  eden space 3072K, 0% used [0x00000000d5580000,0x00000000d5580000,0x00000000d5880000)
  from space 1024K, 25% used [0x00000000d5880000,0x00000000d58c0000,0x00000000d5980000)
  to   space 512K, 0% used [0x00000000d5a00000,0x00000000d5a00000,0x00000000d5a80000)
 ParOldGen       total 831488K, used 831322K [0x0000000080000000, 0x00000000b2c00000, 0x00000000d5580000)
  object space 831488K, 99% used [0x0000000080000000,0x00000000b2bd6858,0x00000000b2c00000)
 Metaspace       used 82008K, committed 83456K, reserved 1179648K
  class space    used 8653K, committed 9280K, reserved 1048576K
}
Event: 79750.869 GC heap before
{Heap before GC invocations=838 (full 4):
 PSYoungGen      total 4096K, used 3328K [0x00000000d5580000, 0x00000000d5a80000, 0x0000000100000000)
  eden space 3072K, 100% used [0x00000000d5580000,0x00000000d5880000,0x00000000d5880000)
  from space 1024K, 25% used [0x00000000d5880000,0x00000000d58c0000,0x00000000d5980000)
  to   space 512K, 0% used [0x00000000d5a00000,0x00000000d5a00000,0x00000000d5a80000)
 ParOldGen       total 831488K, used 831322K [0x0000000080000000, 0x00000000b2c00000, 0x00000000d5580000)
  object space 831488K, 99% used [0x0000000080000000,0x00000000b2bd6858,0x00000000b2c00000)
 Metaspace       used 82027K, committed 83456K, reserved 1179648K
  class space    used 8654K, committed 9280K, reserved 1048576K
}
Event: 79750.871 GC heap after
{Heap after GC invocations=838 (full 4):
 PSYoungGen      total 3584K, used 468K [0x00000000d5580000, 0x00000000d5a80000, 0x0000000100000000)
  eden space 3072K, 0% used [0x00000000d5580000,0x00000000d5580000,0x00000000d5880000)
  from space 512K, 91% used [0x00000000d5a00000,0x00000000d5a75200,0x00000000d5a80000)
  to   space 512K, 0% used [0x00000000d5980000,0x00000000d5980000,0x00000000d5a00000)
 ParOldGen       total 831488K, used 831466K [0x0000000080000000, 0x00000000b2c00000, 0x00000000d5580000)
  object space 831488K, 99% used [0x0000000080000000,0x00000000b2bfa858,0x00000000b2c00000)
 Metaspace       used 82027K, committed 83456K, reserved 1179648K
  class space    used 8654K, committed 9280K, reserved 1048576K
}
Event: 79750.876 GC heap before
{Heap before GC invocations=839 (full 4):
 PSYoungGen      total 3584K, used 3540K [0x00000000d5580000, 0x00000000d5a80000, 0x0000000100000000)
  eden space 3072K, 100% used [0x00000000d5580000,0x00000000d5880000,0x00000000d5880000)
  from space 512K, 91% used [0x00000000d5a00000,0x00000000d5a75200,0x00000000d5a80000)
  to   space 512K, 0% used [0x00000000d5980000,0x00000000d5980000,0x00000000d5a00000)
 ParOldGen       total 831488K, used 831466K [0x0000000080000000, 0x00000000b2c00000, 0x00000000d5580000)
  object space 831488K, 99% used [0x0000000080000000,0x00000000b2bfa858,0x00000000b2c00000)
 Metaspace       used 82027K, committed 83456K, reserved 1179648K
  class space    used 8654K, committed 9280K, reserved 1048576K
}
Event: 79750.878 GC heap after
{Heap after GC invocations=839 (full 4):
 PSYoungGen      total 3584K, used 384K [0x00000000d5580000, 0x00000000d5a80000, 0x0000000100000000)
  eden space 3072K, 0% used [0x00000000d5580000,0x00000000d5580000,0x00000000d5880000)
  from space 512K, 75% used [0x00000000d5980000,0x00000000d59e0000,0x00000000d5a00000)
  to   space 512K, 0% used [0x00000000d5a00000,0x00000000d5a00000,0x00000000d5a80000)
 ParOldGen       total 832000K, used 831790K [0x0000000080000000, 0x00000000b2c80000, 0x00000000d5580000)
  object space 832000K, 99% used [0x0000000080000000,0x00000000b2c4ba78,0x00000000b2c80000)
 Metaspace       used 82027K, committed 83456K, reserved 1179648K
  class space    used 8654K, committed 9280K, reserved 1048576K
}
Event: 79750.882 GC heap before
{Heap before GC invocations=840 (full 4):
 PSYoungGen      total 3584K, used 3456K [0x00000000d5580000, 0x00000000d5a80000, 0x0000000100000000)
  eden space 3072K, 100% used [0x00000000d5580000,0x00000000d5880000,0x00000000d5880000)
  from space 512K, 75% used [0x00000000d5980000,0x00000000d59e0000,0x00000000d5a00000)
  to   space 512K, 0% used [0x00000000d5a00000,0x00000000d5a00000,0x00000000d5a80000)
 ParOldGen       total 832000K, used 831790K [0x0000000080000000, 0x00000000b2c80000, 0x00000000d5580000)
  object space 832000K, 99% used [0x0000000080000000,0x00000000b2c4ba78,0x00000000b2c80000)
 Metaspace       used 82027K, committed 83456K, reserved 1179648K
  class space    used 8654K, committed 9280K, reserved 1048576K
}
Event: 79750.883 GC heap after
{Heap after GC invocations=840 (full 4):
 PSYoungGen      total 3584K, used 224K [0x00000000d5580000, 0x00000000d5a80000, 0x0000000100000000)
  eden space 3072K, 0% used [0x00000000d5580000,0x00000000d5580000,0x00000000d5880000)
  from space 512K, 43% used [0x00000000d5a00000,0x00000000d5a38000,0x00000000d5a80000)
  to   space 512K, 0% used [0x00000000d5980000,0x00000000d5980000,0x00000000d5a00000)
 ParOldGen       total 832512K, used 832086K [0x0000000080000000, 0x00000000b2d00000, 0x00000000d5580000)
  object space 832512K, 99% used [0x0000000080000000,0x00000000b2c95a78,0x00000000b2d00000)
 Metaspace       used 82027K, committed 83456K, reserved 1179648K
  class space    used 8654K, committed 9280K, reserved 1048576K
}
Event: 79750.890 GC heap before
{Heap before GC invocations=841 (full 4):
 PSYoungGen      total 3584K, used 3296K [0x00000000d5580000, 0x00000000d5a80000, 0x0000000100000000)
  eden space 3072K, 100% used [0x00000000d5580000,0x00000000d5880000,0x00000000d5880000)
  from space 512K, 43% used [0x00000000d5a00000,0x00000000d5a38000,0x00000000d5a80000)
  to   space 512K, 0% used [0x00000000d5980000,0x00000000d5980000,0x00000000d5a00000)
 ParOldGen       total 832512K, used 832086K [0x0000000080000000, 0x00000000b2d00000, 0x00000000d5580000)
  object space 832512K, 99% used [0x0000000080000000,0x00000000b2c95a78,0x00000000b2d00000)
 Metaspace       used 82030K, committed 83456K, reserved 1179648K
  class space    used 8654K, committed 9280K, reserved 1048576K
}
Event: 79750.891 GC heap after
{Heap after GC invocations=841 (full 4):
 PSYoungGen      total 3584K, used 506K [0x00000000d5580000, 0x00000000d5a80000, 0x0000000100000000)
  eden space 3072K, 0% used [0x00000000d5580000,0x00000000d5580000,0x00000000d5880000)
  from space 512K, 98% used [0x00000000d5980000,0x00000000d59fe900,0x00000000d5a00000)
  to   space 512K, 0% used [0x00000000d5a00000,0x00000000d5a00000,0x00000000d5a80000)
 ParOldGen       total 832512K, used 832174K [0x0000000080000000, 0x00000000b2d00000, 0x00000000d5580000)
  object space 832512K, 99% used [0x0000000080000000,0x00000000b2caba78,0x00000000b2d00000)
 Metaspace       used 82030K, committed 83456K, reserved 1179648K
  class space    used 8654K, committed 9280K, reserved 1048576K
}
Event: 79750.897 GC heap before
{Heap before GC invocations=842 (full 4):
 PSYoungGen      total 3584K, used 3578K [0x00000000d5580000, 0x00000000d5a80000, 0x0000000100000000)
  eden space 3072K, 100% used [0x00000000d5580000,0x00000000d5880000,0x00000000d5880000)
  from space 512K, 98% used [0x00000000d5980000,0x00000000d59fe900,0x00000000d5a00000)
  to   space 512K, 0% used [0x00000000d5a00000,0x00000000d5a00000,0x00000000d5a80000)
 ParOldGen       total 832512K, used 832174K [0x0000000080000000, 0x00000000b2d00000, 0x00000000d5580000)
  object space 832512K, 99% used [0x0000000080000000,0x00000000b2caba78,0x00000000b2d00000)
 Metaspace       used 82036K, committed 83456K, reserved 1179648K
  class space    used 8654K, committed 9280K, reserved 1048576K
}
Event: 79750.898 GC heap after
{Heap after GC invocations=842 (full 4):
 PSYoungGen      total 3584K, used 288K [0x00000000d5580000, 0x00000000d5a80000, 0x0000000100000000)
  eden space 3072K, 0% used [0x00000000d5580000,0x00000000d5580000,0x00000000d5880000)
  from space 512K, 56% used [0x00000000d5a00000,0x00000000d5a48000,0x00000000d5a80000)
  to   space 512K, 0% used [0x00000000d5980000,0x00000000d5980000,0x00000000d5a00000)
 ParOldGen       total 833024K, used 832635K [0x0000000080000000, 0x00000000b2d80000, 0x00000000d5580000)
  object space 833024K, 99% used [0x0000000080000000,0x00000000b2d1ec88,0x00000000b2d80000)
 Metaspace       used 82036K, committed 83456K, reserved 1179648K
  class space    used 8654K, committed 9280K, reserved 1048576K
}

Dll operation events (12 events):
Event: 0.031 Loaded shared library c:\Users\13585\.cursor\extensions\redhat.java-1.50.0-win32-x64\jre\21.0.9-win32-x86_64\bin\java.dll
Event: 0.080 Loaded shared library c:\Users\13585\.cursor\extensions\redhat.java-1.50.0-win32-x64\jre\21.0.9-win32-x86_64\bin\zip.dll
Event: 0.621 Loaded shared library C:\Users\13585\.cursor\extensions\redhat.java-1.50.0-win32-x64\jre\21.0.9-win32-x86_64\bin\instrument.dll
Event: 0.626 Loaded shared library C:\Users\13585\.cursor\extensions\redhat.java-1.50.0-win32-x64\jre\21.0.9-win32-x86_64\bin\net.dll
Event: 0.628 Loaded shared library C:\Users\13585\.cursor\extensions\redhat.java-1.50.0-win32-x64\jre\21.0.9-win32-x86_64\bin\nio.dll
Event: 0.632 Loaded shared library C:\Users\13585\.cursor\extensions\redhat.java-1.50.0-win32-x64\jre\21.0.9-win32-x86_64\bin\zip.dll
Event: 0.759 Loaded shared library C:\Users\13585\.cursor\extensions\redhat.java-1.50.0-win32-x64\jre\21.0.9-win32-x86_64\bin\jimage.dll
Event: 0.932 Loaded shared library c:\Users\13585\.cursor\extensions\redhat.java-1.50.0-win32-x64\jre\21.0.9-win32-x86_64\bin\verify.dll
Event: 5.026 Loaded shared library C:\Users\13585\AppData\Roaming\Cursor\User\globalStorage\redhat.java\1.50.0\config_win\org.eclipse.equinox.launcher\org.eclipse.equinox.launcher.win32.win32.x86_64_1.2.1400.v20250801-0854\eclipse_11916.dll
Event: 10.081 Loaded shared library C:\Users\13585\AppData\Local\Temp\jna-46824592\jna964408979224396093.dll
Event: 15.693 Loaded shared library C:\Users\13585\.cursor\extensions\redhat.java-1.50.0-win32-x64\jre\21.0.9-win32-x86_64\bin\extnet.dll
Event: 15.947 Loaded shared library C:\Users\13585\.cursor\extensions\redhat.java-1.50.0-win32-x64\jre\21.0.9-win32-x86_64\bin\sunmscapi.dll

Deoptimization events (20 events):
Event: 79734.968 Thread 0x0000027b6227b540 Uncommon trap: trap_request=0xffffffd6 fr.pc=0x0000027b14ad576c relative=0x000000000000070c
Event: 79734.968 Thread 0x0000027b6227b540 Uncommon trap: reason=array_check action=maybe_recompile pc=0x0000027b14ad576c method=java.util.TimSort.binarySort([Ljava/lang/Object;IIILjava/util/Comparator;)V @ 183 c2
Event: 79734.969 Thread 0x0000027b6227b540 DEOPT PACKING pc=0x0000027b14ad576c sp=0x0000007e653fdef0
Event: 79734.969 Thread 0x0000027b6227b540 DEOPT UNPACKING pc=0x0000027b134a3aa2 sp=0x0000007e653fde98 mode 2
Event: 79734.969 Thread 0x0000027b6227b540 Uncommon trap: trap_request=0xffffffd6 fr.pc=0x0000027b14ad576c relative=0x000000000000070c
Event: 79734.969 Thread 0x0000027b6227b540 Uncommon trap: reason=array_check action=maybe_recompile pc=0x0000027b14ad576c method=java.util.TimSort.binarySort([Ljava/lang/Object;IIILjava/util/Comparator;)V @ 183 c2
Event: 79734.969 Thread 0x0000027b6227b540 DEOPT PACKING pc=0x0000027b14ad576c sp=0x0000007e653fd820
Event: 79734.969 Thread 0x0000027b6227b540 DEOPT UNPACKING pc=0x0000027b134a3aa2 sp=0x0000007e653fd7c8 mode 2
Event: 79734.978 Thread 0x0000027b6227b540 Uncommon trap: trap_request=0xffffffc6 fr.pc=0x0000027b14195c14 relative=0x0000000000000f74
Event: 79734.978 Thread 0x0000027b6227b540 Uncommon trap: reason=bimorphic_or_optimized_type_check action=maybe_recompile pc=0x0000027b14195c14 method=java.util.concurrent.ConcurrentHashMap.putVal(Ljava/lang/Object;Ljava/lang/Object;Z)Ljava/lang/Object; @ 159 c2
Event: 79734.978 Thread 0x0000027b6227b540 DEOPT PACKING pc=0x0000027b14195c14 sp=0x0000007e653fdb70
Event: 79734.978 Thread 0x0000027b6227b540 DEOPT UNPACKING pc=0x0000027b134a3aa2 sp=0x0000007e653fdaf0 mode 2
Event: 79734.978 Thread 0x0000027b6227b540 Uncommon trap: trap_request=0xffffffc6 fr.pc=0x0000027b14195c14 relative=0x0000000000000f74
Event: 79734.978 Thread 0x0000027b6227b540 Uncommon trap: reason=bimorphic_or_optimized_type_check action=maybe_recompile pc=0x0000027b14195c14 method=java.util.concurrent.ConcurrentHashMap.putVal(Ljava/lang/Object;Ljava/lang/Object;Z)Ljava/lang/Object; @ 159 c2
Event: 79734.978 Thread 0x0000027b6227b540 DEOPT PACKING pc=0x0000027b14195c14 sp=0x0000007e653fdb70
Event: 79734.978 Thread 0x0000027b6227b540 DEOPT UNPACKING pc=0x0000027b134a3aa2 sp=0x0000007e653fdaf0 mode 2
Event: 79750.863 Thread 0x0000027b6727abc0 Uncommon trap: trap_request=0xffffffde fr.pc=0x0000027b14566534 relative=0x00000000000001f4
Event: 79750.863 Thread 0x0000027b6727abc0 Uncommon trap: reason=class_check action=maybe_recompile pc=0x0000027b14566534 method=org.eclipse.jdt.internal.core.util.Util.equalArraysOrNull([Ljava/lang/Object;[Ljava/lang/Object;)Z @ 55 c2
Event: 79750.863 Thread 0x0000027b6727abc0 DEOPT PACKING pc=0x0000027b14566534 sp=0x0000007e663fde40
Event: 79750.863 Thread 0x0000027b6727abc0 DEOPT UNPACKING pc=0x0000027b134a3aa2 sp=0x0000007e663fddd8 mode 2

Classes loaded (20 events):
Event: 4122.360 Loading class java/io/ObjectOutputStream$BlockDataOutputStream
Event: 4122.361 Loading class java/io/ObjectOutputStream$BlockDataOutputStream done
Event: 4122.361 Loading class java/io/ObjectOutputStream$HandleTable
Event: 4122.361 Loading class java/io/ObjectOutputStream$HandleTable done
Event: 4122.361 Loading class java/io/ObjectOutputStream$ReplaceTable
Event: 4122.361 Loading class java/io/ObjectOutputStream$ReplaceTable done
Event: 78335.236 Loading class jdk/internal/module/IllegalAccessLogger
Event: 78335.236 Loading class jdk/internal/module/IllegalAccessLogger done
Event: 78335.240 Loading class java/util/concurrent/ArrayBlockingQueue
Event: 78335.240 Loading class java/util/concurrent/ArrayBlockingQueue done
Event: 78730.379 Loading class sun/nio/fs/WindowsFileCopy
Event: 78730.394 Loading class sun/nio/fs/WindowsFileCopy done
Event: 78730.539 Loading class jdk/internal/module/IllegalAccessLogger
Event: 78730.539 Loading class jdk/internal/module/IllegalAccessLogger done
Event: 78731.890 Loading class java/util/ArrayDeque$DeqSpliterator
Event: 78731.893 Loading class java/util/ArrayDeque$DeqSpliterator done
Event: 78832.224 Loading class jdk/internal/module/IllegalAccessLogger
Event: 78832.224 Loading class jdk/internal/module/IllegalAccessLogger done
Event: 78953.470 Loading class jdk/internal/module/IllegalAccessLogger
Event: 78953.470 Loading class jdk/internal/module/IllegalAccessLogger done

Classes unloaded (20 events):
Event: 78167.141 Thread 0x0000027b08dc2c30 Unloading class 0x0000027b21014800 'java/lang/invoke/LambdaForm$MH+0x0000027b21014800'
Event: 78167.141 Thread 0x0000027b08dc2c30 Unloading class 0x0000027b2100d800 'java/lang/invoke/LambdaForm$MH+0x0000027b2100d800'
Event: 78167.141 Thread 0x0000027b08dc2c30 Unloading class 0x0000027b2100d400 'java/lang/invoke/LambdaForm$MH+0x0000027b2100d400'
Event: 78167.141 Thread 0x0000027b08dc2c30 Unloading class 0x0000027b2100d000 'java/lang/invoke/LambdaForm$MH+0x0000027b2100d000'
Event: 78167.141 Thread 0x0000027b08dc2c30 Unloading class 0x0000027b2100cc00 'java/lang/invoke/LambdaForm$MH+0x0000027b2100cc00'
Event: 78167.141 Thread 0x0000027b08dc2c30 Unloading class 0x0000027b2100c800 'java/lang/invoke/LambdaForm$BMH+0x0000027b2100c800'
Event: 78167.141 Thread 0x0000027b08dc2c30 Unloading class 0x0000027b2100c000 'java/lang/invoke/LambdaForm$DMH+0x0000027b2100c000'
Event: 78167.142 Thread 0x0000027b08dc2c30 Unloading class 0x0000027b21008c00 'java/lang/invoke/LambdaForm$MH+0x0000027b21008c00'
Event: 78167.142 Thread 0x0000027b08dc2c30 Unloading class 0x0000027b21008800 'java/lang/invoke/LambdaForm$MH+0x0000027b21008800'
Event: 78167.142 Thread 0x0000027b08dc2c30 Unloading class 0x0000027b21008400 'java/lang/invoke/LambdaForm$MH+0x0000027b21008400'
Event: 78167.142 Thread 0x0000027b08dc2c30 Unloading class 0x0000027b21007000 'java/lang/invoke/LambdaForm$MH+0x0000027b21007000'
Event: 78167.142 Thread 0x0000027b08dc2c30 Unloading class 0x0000027b21006c00 'java/lang/invoke/LambdaForm$MH+0x0000027b21006c00'
Event: 78167.142 Thread 0x0000027b08dc2c30 Unloading class 0x0000027b21006800 'java/lang/invoke/LambdaForm$MH+0x0000027b21006800'
Event: 78167.142 Thread 0x0000027b08dc2c30 Unloading class 0x0000027b21006400 'java/lang/invoke/LambdaForm$MH+0x0000027b21006400'
Event: 78167.142 Thread 0x0000027b08dc2c30 Unloading class 0x0000027b21005c00 'java/lang/invoke/LambdaForm$BMH+0x0000027b21005c00'
Event: 78167.142 Thread 0x0000027b08dc2c30 Unloading class 0x0000027b21004800 'java/lang/invoke/LambdaForm$DMH+0x0000027b21004800'
Event: 78167.142 Thread 0x0000027b08dc2c30 Unloading class 0x0000027b21002400 'java/lang/invoke/LambdaForm$MH+0x0000027b21002400'
Event: 78167.143 Thread 0x0000027b08dc2c30 Unloading class 0x0000027b21002000 'java/lang/invoke/LambdaForm$MH+0x0000027b21002000'
Event: 78167.143 Thread 0x0000027b08dc2c30 Unloading class 0x0000027b21001800 'java/lang/invoke/LambdaForm$MH+0x0000027b21001800'
Event: 78167.143 Thread 0x0000027b08dc2c30 Unloading class 0x0000027b21000400 'java/lang/invoke/LambdaForm$MH+0x0000027b21000400'

Classes redefined (0 events):
No events

Internal exceptions (20 events):
Event: 78331.819 Thread 0x0000027b67425790 Implicit null exception at 0x0000027b144e2e7d to 0x0000027b144e32d4
Event: 78332.127 Thread 0x0000027b67426b40 Implicit null exception at 0x0000027b146fb673 to 0x0000027b146fbcb4
Event: 78332.129 Thread 0x0000027b67426b40 Implicit null exception at 0x0000027b1461b1b9 to 0x0000027b1461b449
Event: 78332.132 Thread 0x0000027b67426b40 Implicit null exception at 0x0000027b143591b5 to 0x0000027b14359434
Event: 78335.132 Thread 0x0000027b67426b40 Implicit null exception at 0x0000027b13da3ad1 to 0x0000027b13da3d48
Event: 78335.244 Thread 0x0000027b6727bf70 Implicit null exception at 0x0000027b13dcfd89 to 0x0000027b13dd10c8
Event: 78335.245 Thread 0x0000027b6727bf70 Exception <a 'java/lang/NoSuchMethodError'{0x00000000d5584d18}: 'void java.lang.invoke.DelegatingMethodHandle$Holder.reinvoke_L(java.lang.Object, java.lang.Object, int)'> (0x00000000d5584d18) 
thrown [s\src\hotspot\share\interpreter\linkResolver.cpp, line 773]
Event: 78335.506 Thread 0x0000027b67426b40 Implicit null exception at 0x0000027b148458e6 to 0x0000027b14845d99
Event: 78631.739 Thread 0x0000027b67426b40 Exception <a 'sun/nio/fs/WindowsException'{0x00000000d567ddf0}> (0x00000000d567ddf0) 
thrown [s\src\hotspot\share\prims\jni.cpp, line 520]
Event: 78631.739 Thread 0x0000027b67426b40 Exception <a 'sun/nio/fs/WindowsException'{0x00000000d567e910}> (0x00000000d567e910) 
thrown [s\src\hotspot\share\prims\jni.cpp, line 520]
Event: 78730.394 Thread 0x0000027b67425790 Exception <a 'sun/nio/fs/WindowsException'{0x00000000d558a700}> (0x00000000d558a700) 
thrown [s\src\hotspot\share\prims\jni.cpp, line 520]
Event: 78732.689 Thread 0x0000027b67425790 Exception <a 'sun/nio/fs/WindowsException'{0x00000000d55809e8}> (0x00000000d55809e8) 
thrown [s\src\hotspot\share\prims\jni.cpp, line 520]
Event: 78832.051 Thread 0x0000027b67425790 Exception <a 'sun/nio/fs/WindowsException'{0x00000000d56b88b8}> (0x00000000d56b88b8) 
thrown [s\src\hotspot\share\prims\jni.cpp, line 520]
Event: 78832.746 Thread 0x0000027b67425790 Exception <a 'sun/nio/fs/WindowsException'{0x00000000d58175a8}> (0x00000000d58175a8) 
thrown [s\src\hotspot\share\prims\jni.cpp, line 520]
Event: 78953.281 Thread 0x0000027b67425790 Exception <a 'sun/nio/fs/WindowsException'{0x00000000d5a3c3b0}> (0x00000000d5a3c3b0) 
thrown [s\src\hotspot\share\prims\jni.cpp, line 520]
Event: 78954.070 Thread 0x0000027b67425790 Exception <a 'sun/nio/fs/WindowsException'{0x00000000d58d0988}> (0x00000000d58d0988) 
thrown [s\src\hotspot\share\prims\jni.cpp, line 520]
Event: 79030.104 Thread 0x0000027b67426b40 Exception <a 'sun/nio/fs/WindowsException'{0x00000000d56add20}> (0x00000000d56add20) 
thrown [s\src\hotspot\share\prims\jni.cpp, line 520]
Event: 79030.104 Thread 0x0000027b67426b40 Exception <a 'sun/nio/fs/WindowsException'{0x00000000d56ae858}> (0x00000000d56ae858) 
thrown [s\src\hotspot\share\prims\jni.cpp, line 520]
Event: 79733.092 Thread 0x0000027b6727b250 Implicit null exception at 0x0000027b145d3c48 to 0x0000027b145d4328
Event: 79734.972 Thread 0x0000027b6227b540 Exception <a 'java/lang/NoSuchMethodError'{0x00000000d56d9318}: 'java.lang.Object java.lang.invoke.DirectMethodHandle$Holder.newInvokeSpecial(java.lang.Object, int, java.lang.Object, java.lang.Object, java.lang.Object)'> (0x00000000d56d9318) 
thrown [s\src\hotspot\share\interpreter\linkResolver.cpp, line 773]

ZGC Phase Switch (0 events):
No events

VM Operations (20 events):
Event: 79750.869 Executing VM operation: ParallelGCFailedAllocation (Allocation Failure)
Event: 79750.871 Executing VM operation: ParallelGCFailedAllocation (Allocation Failure) done
Event: 79750.876 Executing VM operation: ParallelGCFailedAllocation (Allocation Failure)
Event: 79750.878 Executing VM operation: ParallelGCFailedAllocation (Allocation Failure) done
Event: 79750.882 Executing VM operation: ParallelGCFailedAllocation (Allocation Failure)
Event: 79750.883 Executing VM operation: ParallelGCFailedAllocation (Allocation Failure) done
Event: 79750.890 Executing VM operation: ParallelGCFailedAllocation (Allocation Failure)
Event: 79750.891 Executing VM operation: ParallelGCFailedAllocation (Allocation Failure) done
Event: 79750.897 Executing VM operation: ParallelGCFailedAllocation (Allocation Failure)
Event: 79750.898 Executing VM operation: ParallelGCFailedAllocation (Allocation Failure) done
Event: 80279.386 Executing VM operation: HandshakeAllThreads (HandshakeForDeflation)
Event: 80279.388 Executing VM operation: HandshakeAllThreads (HandshakeForDeflation) done
Event: 80279.388 Executing VM operation: RendezvousGCThreads
Event: 80279.388 Executing VM operation: RendezvousGCThreads done
Event: 80412.438 Executing VM operation: Cleanup
Event: 80412.438 Executing VM operation: Cleanup done
Event: 80460.004 Executing VM operation: HandshakeAllThreads (HandshakeForDeflation)
Event: 80460.004 Executing VM operation: HandshakeAllThreads (HandshakeForDeflation) done
Event: 80460.004 Executing VM operation: RendezvousGCThreads
Event: 80460.004 Executing VM operation: RendezvousGCThreads done

Memory protections (0 events):
No events

Nmethod flushes (20 events):
Event: 78168.071 Thread 0x0000027b08dc2c30 flushing  nmethod 0x0000027b0cdfdc10
Event: 78168.071 Thread 0x0000027b08dc2c30 flushing  nmethod 0x0000027b0cdff390
Event: 78168.071 Thread 0x0000027b08dc2c30 flushing  nmethod 0x0000027b0cdfff90
Event: 78168.071 Thread 0x0000027b08dc2c30 flushing  nmethod 0x0000027b0ce00810
Event: 78168.071 Thread 0x0000027b08dc2c30 flushing  nmethod 0x0000027b0ce09290
Event: 78168.071 Thread 0x0000027b08dc2c30 flushing  nmethod 0x0000027b0ce09690
Event: 78168.071 Thread 0x0000027b08dc2c30 flushing  nmethod 0x0000027b0ce09a90
Event: 78168.071 Thread 0x0000027b08dc2c30 flushing  nmethod 0x0000027b0ce0a410
Event: 78168.071 Thread 0x0000027b08dc2c30 flushing  nmethod 0x0000027b0ce0a910
Event: 78168.071 Thread 0x0000027b08dc2c30 flushing  nmethod 0x0000027b0ce0c410
Event: 78168.071 Thread 0x0000027b08dc2c30 flushing  nmethod 0x0000027b0ce15710
Event: 78168.071 Thread 0x0000027b08dc2c30 flushing  nmethod 0x0000027b0ce24090
Event: 78168.071 Thread 0x0000027b08dc2c30 flushing  nmethod 0x0000027b0ce29a10
Event: 78168.071 Thread 0x0000027b08dc2c30 flushing  nmethod 0x0000027b0ce2e310
Event: 78168.071 Thread 0x0000027b08dc2c30 flushing  nmethod 0x0000027b0ce83090
Event: 78168.071 Thread 0x0000027b08dc2c30 flushing  nmethod 0x0000027b0cef7310
Event: 78168.071 Thread 0x0000027b08dc2c30 flushing  nmethod 0x0000027b0d47bd10
Event: 78168.071 Thread 0x0000027b08dc2c30 flushing  nmethod 0x0000027b0d523410
Event: 78168.071 Thread 0x0000027b08dc2c30 flushing  nmethod 0x0000027b0d532c10
Event: 78168.071 Thread 0x0000027b08dc2c30 flushing  nmethod 0x0000027b0dd5ae10

Events (20 events):
Event: 79725.979 Thread 0x0000027b6727abc0 Thread added: 0x0000027b622780c0
Event: 79725.980 Thread 0x0000027b6727abc0 Thread added: 0x0000027b62278750
Event: 79725.981 Thread 0x0000027b62278750 Thread added: 0x0000027b622752d0
Event: 79725.981 Thread 0x0000027b622752d0 Thread added: 0x0000027b6227b540
Event: 79728.085 Thread 0x0000027b62134fd0 Thread added: 0x0000027b69048010
Event: 79730.044 Thread 0x0000027b67426b40 Thread added: 0x0000027b6227c260
Event: 79730.295 Thread 0x0000027b69048010 Thread exited: 0x0000027b69048010
Event: 79731.114 Thread 0x0000027b1f79cf80 Thread added: 0x0000027b69045060
Event: 79731.199 Thread 0x0000027b62134fd0 Thread added: 0x0000027b69047270
Event: 79733.036 Thread 0x0000027b69047270 Thread exited: 0x0000027b69047270
Event: 79733.038 Thread 0x0000027b69045060 Thread exited: 0x0000027b69045060
Event: 79733.059 Thread 0x0000027b62134fd0 Thread added: 0x0000027b69048010
Event: 79733.067 Thread 0x0000027b62134fd0 Thread added: 0x0000027b69047270
Event: 79735.165 Thread 0x0000027b69047270 Thread exited: 0x0000027b69047270
Event: 79735.165 Thread 0x0000027b69048010 Thread exited: 0x0000027b69048010
Event: 79796.313 Thread 0x0000027b6227b540 Thread exited: 0x0000027b6227b540
Event: 79796.926 Thread 0x0000027b6227c260 Thread exited: 0x0000027b6227c260
Event: 79856.321 Thread 0x0000027b622752d0 Thread exited: 0x0000027b622752d0
Event: 79916.332 Thread 0x0000027b62278750 Thread exited: 0x0000027b62278750
Event: 79976.348 Thread 0x0000027b622780c0 Thread exited: 0x0000027b622780c0


Dynamic libraries:
0x00007ff71e7f0000 - 0x00007ff71e7fe000 	c:\Users\13585\.cursor\extensions\redhat.java-1.50.0-win32-x64\jre\21.0.9-win32-x86_64\bin\java.exe
0x00007ffadf860000 - 0x00007ffadfac9000 	C:\WINDOWS\SYSTEM32\ntdll.dll
0x00007ffadebd0000 - 0x00007ffadec99000 	C:\WINDOWS\System32\KERNEL32.DLL
0x00007ffadd230000 - 0x00007ffadd623000 	C:\WINDOWS\System32\KERNELBASE.dll
0x00007ffadce30000 - 0x00007ffadcf7b000 	C:\WINDOWS\System32\ucrtbase.dll
0x00007ffab8740000 - 0x00007ffab8758000 	c:\Users\13585\.cursor\extensions\redhat.java-1.50.0-win32-x64\jre\21.0.9-win32-x86_64\bin\jli.dll
0x00007ffab4fa0000 - 0x00007ffab4fbe000 	c:\Users\13585\.cursor\extensions\redhat.java-1.50.0-win32-x64\jre\21.0.9-win32-x86_64\bin\VCRUNTIME140.dll
0x00007ffadef90000 - 0x00007ffadf154000 	C:\WINDOWS\System32\USER32.dll
0x00007ffac9780000 - 0x00007ffac9a13000 	C:\WINDOWS\WinSxS\amd64_microsoft.windows.common-controls_6595b64144ccf1df_6.0.26100.5074_none_3e0d6f78e32fd63f\COMCTL32.dll
0x00007ffadd200000 - 0x00007ffadd227000 	C:\WINDOWS\System32\win32u.dll
0x00007ffadd630000 - 0x00007ffadd65b000 	C:\WINDOWS\System32\GDI32.dll
0x00007ffadf560000 - 0x00007ffadf609000 	C:\WINDOWS\System32\msvcrt.dll
0x00007ffadd040000 - 0x00007ffadd16d000 	C:\WINDOWS\System32\gdi32full.dll
0x00007ffadc9f0000 - 0x00007ffadca93000 	C:\WINDOWS\System32\msvcp_win.dll
0x00007ffadeca0000 - 0x00007ffadeccf000 	C:\WINDOWS\System32\IMM32.DLL
0x00007ffaca480000 - 0x00007ffaca48c000 	c:\Users\13585\.cursor\extensions\redhat.java-1.50.0-win32-x64\jre\21.0.9-win32-x86_64\bin\vcruntime140_1.dll
0x00007ffa8f210000 - 0x00007ffa8f29d000 	c:\Users\13585\.cursor\extensions\redhat.java-1.50.0-win32-x64\jre\21.0.9-win32-x86_64\bin\msvcp140.dll
0x00007ffa2d5c0000 - 0x00007ffa2e360000 	c:\Users\13585\.cursor\extensions\redhat.java-1.50.0-win32-x64\jre\21.0.9-win32-x86_64\bin\server\jvm.dll
0x00007ffade2c0000 - 0x00007ffade374000 	C:\WINDOWS\System32\ADVAPI32.dll
0x00007ffadd7c0000 - 0x00007ffadd866000 	C:\WINDOWS\System32\sechost.dll
0x00007ffadf160000 - 0x00007ffadf278000 	C:\WINDOWS\System32\RPCRT4.dll
0x00007ffaded60000 - 0x00007ffadedd4000 	C:\WINDOWS\System32\WS2_32.dll
0x00007ffadc7a0000 - 0x00007ffadc7fe000 	C:\WINDOWS\SYSTEM32\POWRPROF.dll
0x00007ffad31b0000 - 0x00007ffad31e5000 	C:\WINDOWS\SYSTEM32\WINMM.dll
0x00007ffad0000000 - 0x00007ffad000b000 	C:\WINDOWS\SYSTEM32\VERSION.dll
0x00007ffadc780000 - 0x00007ffadc794000 	C:\WINDOWS\SYSTEM32\UMPDC.dll
0x00007ffadb790000 - 0x00007ffadb7ab000 	C:\WINDOWS\SYSTEM32\kernel.appcore.dll
0x00007ffac3650000 - 0x00007ffac365a000 	c:\Users\13585\.cursor\extensions\redhat.java-1.50.0-win32-x64\jre\21.0.9-win32-x86_64\bin\jimage.dll
0x00007ffad9ff0000 - 0x00007ffada232000 	C:\WINDOWS\SYSTEM32\DBGHELP.DLL
0x00007ffaddf40000 - 0x00007ffade2bb000 	C:\WINDOWS\System32\combase.dll
0x00007ffadeeb0000 - 0x00007ffadef87000 	C:\WINDOWS\System32\OLEAUT32.dll
0x00007ffaccf80000 - 0x00007ffaccfbd000 	C:\WINDOWS\SYSTEM32\dbgcore.DLL
0x00007ffadcd90000 - 0x00007ffadce29000 	C:\WINDOWS\System32\bcryptPrimitives.dll
0x00007ffac0920000 - 0x00007ffac092f000 	c:\Users\13585\.cursor\extensions\redhat.java-1.50.0-win32-x64\jre\21.0.9-win32-x86_64\bin\instrument.dll
0x00007ffab4cf0000 - 0x00007ffab4d10000 	c:\Users\13585\.cursor\extensions\redhat.java-1.50.0-win32-x64\jre\21.0.9-win32-x86_64\bin\java.dll
0x00007ffade480000 - 0x00007ffadebcd000 	C:\WINDOWS\System32\SHELL32.dll
0x00007ffadcc20000 - 0x00007ffadcd8c000 	C:\WINDOWS\System32\wintypes.dll
0x00007ffada630000 - 0x00007ffadae89000 	C:\WINDOWS\SYSTEM32\windows.storage.dll
0x00007ffadf720000 - 0x00007ffadf810000 	C:\WINDOWS\System32\SHCORE.dll
0x00007ffade380000 - 0x00007ffade3e2000 	C:\WINDOWS\System32\shlwapi.dll
0x00007ffadc910000 - 0x00007ffadc939000 	C:\WINDOWS\SYSTEM32\profapi.dll
0x00007ffab49a0000 - 0x00007ffab49b8000 	c:\Users\13585\.cursor\extensions\redhat.java-1.50.0-win32-x64\jre\21.0.9-win32-x86_64\bin\zip.dll
0x00007ffac0550000 - 0x00007ffac0560000 	C:\Users\13585\.cursor\extensions\redhat.java-1.50.0-win32-x64\jre\21.0.9-win32-x86_64\bin\net.dll
0x00007ffad33e0000 - 0x00007ffad34ff000 	C:\WINDOWS\SYSTEM32\WINHTTP.dll
0x00007ffadbcf0000 - 0x00007ffadbd5b000 	C:\WINDOWS\system32\mswsock.dll
0x00007ffab48c0000 - 0x00007ffab48d6000 	C:\Users\13585\.cursor\extensions\redhat.java-1.50.0-win32-x64\jre\21.0.9-win32-x86_64\bin\nio.dll
0x00007ffabb8e0000 - 0x00007ffabb8f0000 	c:\Users\13585\.cursor\extensions\redhat.java-1.50.0-win32-x64\jre\21.0.9-win32-x86_64\bin\verify.dll
0x00007ffa9a9b0000 - 0x00007ffa9a9f4000 	C:\Users\13585\AppData\Roaming\Cursor\User\globalStorage\redhat.java\1.50.0\config_win\org.eclipse.equinox.launcher\org.eclipse.equinox.launcher.win32.win32.x86_64_1.2.1400.v20250801-0854\eclipse_11916.dll
0x00007ffadd870000 - 0x00007ffadda08000 	C:\WINDOWS\System32\ole32.dll
0x00007ffadc0c0000 - 0x00007ffadc0db000 	C:\WINDOWS\SYSTEM32\CRYPTSP.dll
0x00007ffadb6f0000 - 0x00007ffadb72b000 	C:\WINDOWS\system32\rsaenh.dll
0x00007ffadbd90000 - 0x00007ffadbdbb000 	C:\WINDOWS\SYSTEM32\USERENV.dll
0x00007ffadc8e0000 - 0x00007ffadc906000 	C:\WINDOWS\SYSTEM32\bcrypt.dll
0x00007ffadbf20000 - 0x00007ffadbf2c000 	C:\WINDOWS\SYSTEM32\CRYPTBASE.dll
0x00007ffadb1e0000 - 0x00007ffadb214000 	C:\WINDOWS\SYSTEM32\IPHLPAPI.DLL
0x00007ffadda10000 - 0x00007ffadda1a000 	C:\WINDOWS\System32\NSI.dll
0x00007ffa980e0000 - 0x00007ffa98129000 	C:\Users\13585\AppData\Local\Temp\jna-46824592\jna964408979224396093.dll
0x00007ffaddee0000 - 0x00007ffaddee8000 	C:\WINDOWS\System32\PSAPI.DLL
0x00007ffad3390000 - 0x00007ffad33ae000 	C:\WINDOWS\SYSTEM32\dhcpcsvc6.DLL
0x00007ffad31f0000 - 0x00007ffad3213000 	C:\WINDOWS\SYSTEM32\dhcpcsvc.DLL
0x00007ffabadd0000 - 0x00007ffabadd9000 	C:\Users\13585\.cursor\extensions\redhat.java-1.50.0-win32-x64\jre\21.0.9-win32-x86_64\bin\extnet.dll
0x00007ffab9900000 - 0x00007ffab990e000 	C:\Users\13585\.cursor\extensions\redhat.java-1.50.0-win32-x64\jre\21.0.9-win32-x86_64\bin\sunmscapi.dll
0x00007ffadcaa0000 - 0x00007ffadcc17000 	C:\WINDOWS\System32\CRYPT32.dll
0x00007ffadc210000 - 0x00007ffadc240000 	C:\WINDOWS\SYSTEM32\ncrypt.dll
0x00007ffadc1c0000 - 0x00007ffadc1ff000 	C:\WINDOWS\SYSTEM32\NTASN1.dll
0x00007ffadb280000 - 0x00007ffadb3a6000 	C:\WINDOWS\SYSTEM32\DNSAPI.dll
0x00007ffad2ec0000 - 0x00007ffad2ecb000 	C:\Windows\System32\rasadhlp.dll
0x00007ffad2bf0000 - 0x00007ffad2c76000 	C:\WINDOWS\System32\fwpuclnt.dll

JVMTI agents:
c:\Users\13585\.cursor\extensions\redhat.java-1.50.0-win32-x64\lombok\lombok-1.18.39-4050.jar path:c:\Users\13585\.cursor\extensions\redhat.java-1.50.0-win32-x64\jre\21.0.9-win32-x86_64\bin\instrument.dll, loaded, initialized, instrumentlib options:none

dbghelp: loaded successfully - version: 4.0.5 - missing functions: none
symbol engine: initialized successfully - sym options: 0x614 - pdb path: .;c:\Users\13585\.cursor\extensions\redhat.java-1.50.0-win32-x64\jre\21.0.9-win32-x86_64\bin;C:\WINDOWS\SYSTEM32;C:\WINDOWS\WinSxS\amd64_microsoft.windows.common-controls_6595b64144ccf1df_6.0.26100.5074_none_3e0d6f78e32fd63f;c:\Users\13585\.cursor\extensions\redhat.java-1.50.0-win32-x64\jre\21.0.9-win32-x86_64\bin\server;C:\Users\13585\AppData\Roaming\Cursor\User\globalStorage\redhat.java\1.50.0\config_win\org.eclipse.equinox.launcher\org.eclipse.equinox.launcher.win32.win32.x86_64_1.2.1400.v20250801-0854;C:\Users\13585\AppData\Local\Temp\jna-46824592

VM Arguments:
jvm_args: --add-modules=ALL-SYSTEM --add-opens=java.base/java.util=ALL-UNNAMED --add-opens=java.base/java.lang=ALL-UNNAMED --add-opens=java.base/sun.nio.fs=ALL-UNNAMED -Declipse.application=org.eclipse.jdt.ls.core.id1 -Dosgi.bundles.defaultStartLevel=4 -Declipse.product=org.eclipse.jdt.ls.core.product -Djava.import.generatesMetadataFilesAtProjectRoot=false -DDetectVMInstallationsJob.disabled=true -Dfile.encoding=utf8 -XX:+UseParallelGC -XX:GCTimeRatio=4 -XX:AdaptiveSizePolicyWeight=90 -Dsun.zip.disableMemoryMapping=true -Xmx2G -Xms100m -Xlog:disable -javaagent:c:\Users\13585\.cursor\extensions\redhat.java-1.50.0-win32-x64\lombok\lombok-1.18.39-4050.jar -XX:+HeapDumpOnOutOfMemoryError -XX:HeapDumpPath=c:\Users\13585\AppData\Roaming\Cursor\User\workspaceStorage\c63fba31a2f12f777f3c054e381a05cd\redhat.java -Daether.dependencyCollector.impl=bf 
java_command: c:\Users\13585\.cursor\extensions\redhat.java-1.50.0-win32-x64\server\plugins\org.eclipse.equinox.launcher_1.7.100.v20251111-0406.jar -configuration c:\Users\13585\AppData\Roaming\Cursor\User\globalStorage\redhat.java\1.50.0\config_win -data c:\Users\13585\AppData\Roaming\Cursor\User\workspaceStorage\c63fba31a2f12f777f3c054e381a05cd\redhat.java\jdt_ws --pipe=\\.\pipe\lsp-46cef3beece91452946ff190263e2ab0-sock
java_class_path (initial): c:\Users\13585\.cursor\extensions\redhat.java-1.50.0-win32-x64\server\plugins\org.eclipse.equinox.launcher_1.7.100.v20251111-0406.jar
Launcher Type: SUN_STANDARD

[Global flags]
    uintx AdaptiveSizePolicyWeight                 = 90                                        {product} {command line}
     intx CICompilerCount                          = 4                                         {product} {ergonomic}
    uintx GCTimeRatio                              = 4                                         {product} {command line}
     bool HeapDumpOnOutOfMemoryError               = true                                   {manageable} {command line}
    ccstr HeapDumpPath                             = c:\Users\13585\AppData\Roaming\Cursor\User\workspaceStorage\c63fba31a2f12f777f3c054e381a05cd\redhat.java         {manageable} {command line}
   size_t InitialHeapSize                          = 104857600                                 {product} {command line}
   size_t MaxHeapSize                              = 2147483648                                {product} {command line}
   size_t MaxNewSize                               = 715653120                                 {product} {ergonomic}
   size_t MinHeapDeltaBytes                        = 524288                                    {product} {ergonomic}
   size_t MinHeapSize                              = 104857600                                 {product} {command line}
   size_t NewSize                                  = 34603008                                  {product} {ergonomic}
    uintx NonNMethodCodeHeapSize                   = 5839372                                {pd product} {ergonomic}
    uintx NonProfiledCodeHeapSize                  = 122909434                              {pd product} {ergonomic}
   size_t OldSize                                  = 70254592                                  {product} {ergonomic}
    uintx ProfiledCodeHeapSize                     = 122909434                              {pd product} {ergonomic}
    uintx ReservedCodeCacheSize                    = 251658240                              {pd product} {ergonomic}
     bool SegmentedCodeCache                       = true                                      {product} {ergonomic}
   size_t SoftMaxHeapSize                          = 2147483648                             {manageable} {ergonomic}
     bool UseCompressedOops                        = true                           {product lp64_product} {ergonomic}
     bool UseLargePagesIndividualAllocation        = false                                  {pd product} {ergonomic}
     bool UseParallelGC                            = true                                      {product} {command line}

Logging:
Log output configuration:
 #0: stdout all=off uptime,level,tags foldmultilines=false
 #1: stderr all=off uptime,level,tags foldmultilines=false

Release file:
JAVA_VERSION="21.0.9" 
MODULES="java.base java.compiler java.datatransfer java.xml java.prefs java.desktop java.instrument java.logging java.management java.security.sasl java.naming java.rmi java.management.rmi java.net.http java.scripting java.security.jgss java.transaction.xa java.sql java.sql.rowset java.xml.crypto java.se java.smartcardio jdk.accessibility jdk.internal.jvmstat jdk.attach jdk.charsets jdk.internal.opt jdk.zipfs jdk.compiler jdk.crypto.ec jdk.crypto.cryptoki jdk.crypto.mscapi jdk.dynalink jdk.internal.ed jdk.editpad jdk.hotspot.agent jdk.httpserver jdk.internal.le jdk.internal.vm.ci jdk.internal.vm.compiler jdk.internal.vm.compiler.management jdk.jartool jdk.javadoc jdk.jcmd jdk.management jdk.management.agent jdk.jconsole jdk.jdeps jdk.jdwp.agent jdk.jdi jdk.jfr jdk.jshell jdk.jsobject jdk.jstatd jdk.localedata jdk.management.jfr jdk.naming.dns jdk.naming.rmi jdk.net jdk.nio.mapmode jdk.random jdk.sctp jdk.security.auth jdk.security.jgss jdk.unsupported jdk.unsupported.desktop jdk.xml.dom" 

Environment Variables:
JAVA_HOME=C:\Program Files\Java\jdk-21
CLASSPATH=.;%JAVA_HOME%\lib;%JAVA_HOME%\lib\tools.jar
PATH=;E:\Code\Dev\VM\bin\;C:\WINDOWS\system32;C:\WINDOWS;C:\WINDOWS\System32\Wbem;C:\WINDOWS\System32\WindowsPowerShell\v1.0\;C:\WINDOWS\System32\OpenSSH\;C:\Program Files\Java\jdk-21\bin;C:\Program Files\Java\jdk-21\jre\bin;E:\Code\IDE\apache-maven-3.8.8\bin;C:\Program Files\Bandizip\;E:\Code\IDE\Redis-x64-5.0.14.1;E:\Code\Tool\Git\cmd;E:\Code\IDE\nvm;E:\Code\IDE\Nodejs;E:\Code\IDE\Python2\Scripts;E:\Code\IDE\Python2;C:\Program Files\dotnet\;E:\Code\Tool\Putty\;C:\Program Files\MySQL\MySQL Server 8.0\bin;C:\Program Files\PowerShell\7\;C:\Program Files\Docker\Docker\resources\bin;e:\Code\Dev\Trae CN\bin;C:\Users\13585\AppData\Local\Microsoft\WindowsApps;E:\Code\IDE\nvm;E:\Code\IDE\Nodejs;E:\Code\Dev\Microsoft VS Code\bin;C:\Users\13585\.dotnet\tools;E:\Code\IDE\cursor\resources\app\bin;E:\Tool\PowerToys\DSCModules\
USERNAME=13585
OS=Windows_NT
PROCESSOR_IDENTIFIER=Intel64 Family 6 Model 151 Stepping 5, GenuineIntel
TMP=C:\Users\13585\AppData\Local\Temp
TEMP=C:\Users\13585\AppData\Local\Temp




Periodic native trim disabled

---------------  S Y S T E M  ---------------

OS:
 Windows 11 , 64 bit Build 26100 (10.0.26100.5074)
OS uptime: 38 days 17:45 hours
Hyper-V role detected

CPU: total 8 (initial active 8) (4 cores per cpu, 2 threads per core) family 6 model 151 stepping 5 microcode 0x32, cx8, cmov, fxsr, ht, mmx, 3dnowpref, sse, sse2, sse3, ssse3, sse4.1, sse4.2, popcnt, lzcnt, tsc, tscinvbit, avx, avx2, aes, erms, clmul, bmi1, bmi2, adx, sha, fma, vzeroupper, clflush, clflushopt, clwb, hv, serialize, rdtscp, rdpid, fsrm, f16c, cet_ibt, cet_ss
Processor Information for the first 8 processors :
  Max Mhz: 3300, Current Mhz: 3300, Mhz Limit: 3300

Memory: 4k page, system-wide physical 16213M (1011M free)
TotalPageFile size 58532M (AvailPageFile size 8M)
current process WorkingSet (physical memory assigned to process): 12M, peak: 566M
current process commit charge ("private bytes"): 1184M, peak: 1193M

vm_info: OpenJDK 64-Bit Server VM (21.0.9+10-LTS) for windows-amd64 JRE (21.0.9+10-LTS), built on 2025-10-21T00:00:00Z by "admin" with unknown MS VC++:1942

END.
